{"contracts/LendingBlockToken.sol":{"l":{"28":24,"29":22,"31":22,"41":1,"42":1,"43":1,"44":1,"45":1,"59":21,"74":1,"87":2,"88":1},"path":"/home/db/Public/lendingblock/truffle/token-generation/contracts/LendingBlockToken.sol","s":{"1":24,"2":22,"3":1,"4":1,"5":1,"6":1,"7":1,"8":21,"9":1,"10":2,"11":1},"b":{"1":[22,2],"2":[20,2],"3":[1,1]},"f":{"1":24,"2":1,"3":21,"4":1,"5":2},"fnMap":{"1":{"name":"afterTransferableTime","line":27,"loc":{"start":{"line":27,"column":1},"end":{"line":27,"column":34}}},"2":{"name":"LendingBlockToken","line":40,"loc":{"start":{"line":40,"column":1},"end":{"line":40,"column":51}}},"3":{"name":"transfer","line":54,"loc":{"start":{"line":54,"column":1},"end":{"line":58,"column":2}}},"4":{"name":"transferFrom","line":69,"loc":{"start":{"line":69,"column":1},"end":{"line":73,"column":2}}},"5":{"name":"setTransferableTime","line":83,"loc":{"start":{"line":83,"column":1},"end":{"line":86,"column":2}}}},"statementMap":{"1":{"start":{"line":28,"column":2},"end":{"line":28,"column":841}},"2":{"start":{"line":29,"column":3},"end":{"line":29,"column":65}},"3":{"start":{"line":41,"column":2},"end":{"line":41,"column":31}},"4":{"start":{"line":42,"column":2},"end":{"line":42,"column":15}},"5":{"start":{"line":43,"column":2},"end":{"line":43,"column":25}},"6":{"start":{"line":44,"column":2},"end":{"line":44,"column":31}},"7":{"start":{"line":45,"column":2},"end":{"line":45,"column":42}},"8":{"start":{"line":59,"column":2},"end":{"line":59,"column":36}},"9":{"start":{"line":74,"column":2},"end":{"line":74,"column":47}},"10":{"start":{"line":87,"column":2},"end":{"line":87,"column":46}},"11":{"start":{"line":88,"column":2},"end":{"line":88,"column":37}}},"branchMap":{"1":{"line":28,"type":"if","locations":[{"start":{"line":28,"column":2},"end":{"line":28,"column":2}},{"start":{"line":28,"column":2},"end":{"line":28,"column":2}}]},"2":{"line":29,"type":"if","locations":[{"start":{"line":29,"column":3},"end":{"line":29,"column":3}},{"start":{"line":29,"column":3},"end":{"line":29,"column":3}}]},"3":{"line":87,"type":"if","locations":[{"start":{"line":87,"column":2},"end":{"line":87,"column":2}},{"start":{"line":87,"column":2},"end":{"line":87,"column":2}}]}}},"contracts/LendingBlockTokenEvent.sol":{"l":{"49":65,"50":60,"58":1,"59":1,"71":14,"72":12,"73":11,"74":10,"76":9,"77":9,"78":9,"80":6,"81":6,"83":6,"84":5,"86":5,"98":17,"99":16,"100":14,"101":13,"103":12,"104":12,"105":12,"107":8,"108":8,"110":8,"111":8,"113":8,"120":13,"143":7,"144":6,"145":5,"146":4,"147":4,"148":4,"149":4,"150":4,"151":4,"174":8,"175":7,"176":6,"177":5,"178":4,"179":4,"180":4,"181":4,"182":4,"183":4,"197":5,"198":10,"199":10,"214":5,"215":13,"216":13,"230":4,"231":3,"232":2,"233":2,"234":1,"236":2,"244":17,"245":7,"247":8,"249":2},"path":"/home/db/Public/lendingblock/truffle/token-generation/contracts/LendingBlockTokenEvent.sol","s":{"1":65,"2":1,"3":1,"4":14,"5":12,"6":11,"7":10,"8":9,"9":9,"10":9,"11":6,"12":6,"13":5,"14":5,"15":17,"16":16,"17":14,"18":13,"19":12,"20":12,"21":12,"22":8,"23":8,"24":8,"25":8,"26":7,"27":6,"28":5,"29":4,"30":4,"31":4,"32":4,"33":4,"34":4,"35":8,"36":7,"37":6,"38":5,"39":4,"40":4,"41":4,"42":4,"43":4,"44":4,"45":5,"46":10,"47":10,"48":5,"49":13,"50":13,"51":4,"52":3,"53":2,"54":2,"55":2,"56":17,"57":7,"58":10,"59":8,"60":2},"b":{"1":[60,5],"2":[12,2],"3":[11,1],"4":[10,1],"5":[9,1],"6":[6,3],"7":[16,1],"8":[14,2],"9":[13,1],"10":[12,1],"11":[8,4],"12":[6,1],"13":[5,1],"14":[4,1],"15":[7,1],"16":[6,1],"17":[5,1],"18":[4,1],"19":[3,1],"20":[2,1],"21":[1,1],"22":[7,10],"23":[8,2]},"f":{"1":65,"2":1,"3":14,"4":17,"5":13,"6":7,"7":8,"8":5,"9":5,"10":4,"11":17},"fnMap":{"1":{"name":"eventNotEnded","line":48,"loc":{"start":{"line":48,"column":1},"end":{"line":48,"column":26}}},"2":{"name":"LendingBlockTokenEvent","line":57,"loc":{"start":{"line":57,"column":1},"end":{"line":57,"column":57}}},"3":{"name":"joinPre","line":66,"loc":{"start":{"line":66,"column":1},"end":{"line":70,"column":2}}},"4":{"name":"joinMain","line":93,"loc":{"start":{"line":93,"column":1},"end":{"line":97,"column":2}}},"5":{"name":"forwardFunds","line":119,"loc":{"start":{"line":119,"column":1},"end":{"line":119,"column":34}}},"6":{"name":"setPre","line":132,"loc":{"start":{"line":132,"column":1},"end":{"line":142,"column":2}}},"7":{"name":"setMain","line":163,"loc":{"start":{"line":163,"column":1},"end":{"line":173,"column":2}}},"8":{"name":"setWhitelistedAddressPre","line":192,"loc":{"start":{"line":192,"column":1},"end":{"line":196,"column":2}}},"9":{"name":"setWhitelistedAddressMain","line":209,"loc":{"start":{"line":209,"column":1},"end":{"line":213,"column":2}}},"10":{"name":"endEvent","line":225,"loc":{"start":{"line":225,"column":1},"end":{"line":229,"column":2}}},"11":{"name":null,"line":243,"loc":{"start":{"line":243,"column":1},"end":{"line":243,"column":30}}}},"statementMap":{"1":{"start":{"line":49,"column":2},"end":{"line":49,"column":29}},"2":{"start":{"line":58,"column":2},"end":{"line":58,"column":42}},"3":{"start":{"line":59,"column":2},"end":{"line":59,"column":17}},"4":{"start":{"line":71,"column":2},"end":{"line":71,"column":29}},"5":{"start":{"line":72,"column":2},"end":{"line":72,"column":27}},"6":{"start":{"line":73,"column":2},"end":{"line":73,"column":32}},"7":{"start":{"line":74,"column":2},"end":{"line":74,"column":51}},"8":{"start":{"line":76,"column":2},"end":{"line":76,"column":29}},"9":{"start":{"line":77,"column":2},"end":{"line":77,"column":74}},"10":{"start":{"line":78,"column":2},"end":{"line":78,"column":51}},"11":{"start":{"line":80,"column":2},"end":{"line":80,"column":39}},"12":{"start":{"line":81,"column":2},"end":{"line":81,"column":34}},"13":{"start":{"line":84,"column":2},"end":{"line":84,"column":39}},"14":{"start":{"line":86,"column":2},"end":{"line":86,"column":15}},"15":{"start":{"line":98,"column":2},"end":{"line":98,"column":30}},"16":{"start":{"line":99,"column":2},"end":{"line":99,"column":28}},"17":{"start":{"line":100,"column":2},"end":{"line":100,"column":33}},"18":{"start":{"line":101,"column":2},"end":{"line":101,"column":52}},"19":{"start":{"line":103,"column":2},"end":{"line":103,"column":29}},"20":{"start":{"line":104,"column":2},"end":{"line":104,"column":74}},"21":{"start":{"line":105,"column":2},"end":{"line":105,"column":52}},"22":{"start":{"line":107,"column":2},"end":{"line":107,"column":40}},"23":{"start":{"line":108,"column":2},"end":{"line":108,"column":34}},"24":{"start":{"line":111,"column":2},"end":{"line":111,"column":40}},"25":{"start":{"line":113,"column":2},"end":{"line":113,"column":15}},"26":{"start":{"line":143,"column":2},"end":{"line":143,"column":29}},"27":{"start":{"line":144,"column":2},"end":{"line":144,"column":37}},"28":{"start":{"line":145,"column":2},"end":{"line":145,"column":34}},"29":{"start":{"line":146,"column":2},"end":{"line":146,"column":29}},"30":{"start":{"line":147,"column":2},"end":{"line":147,"column":25}},"31":{"start":{"line":148,"column":2},"end":{"line":148,"column":23}},"32":{"start":{"line":149,"column":2},"end":{"line":149,"column":23}},"33":{"start":{"line":150,"column":2},"end":{"line":150,"column":19}},"34":{"start":{"line":151,"column":2},"end":{"line":151,"column":69}},"35":{"start":{"line":174,"column":2},"end":{"line":174,"column":30}},"36":{"start":{"line":175,"column":2},"end":{"line":175,"column":39}},"37":{"start":{"line":176,"column":2},"end":{"line":176,"column":36}},"38":{"start":{"line":177,"column":2},"end":{"line":177,"column":37}},"39":{"start":{"line":178,"column":2},"end":{"line":178,"column":31}},"40":{"start":{"line":179,"column":2},"end":{"line":179,"column":27}},"41":{"start":{"line":180,"column":2},"end":{"line":180,"column":25}},"42":{"start":{"line":181,"column":2},"end":{"line":181,"column":25}},"43":{"start":{"line":182,"column":2},"end":{"line":182,"column":21}},"44":{"start":{"line":183,"column":2},"end":{"line":183,"column":75}},"45":{"start":{"line":197,"column":2},"end":{"line":197,"column":6734}},"46":{"start":{"line":198,"column":3},"end":{"line":198,"column":66}},"47":{"start":{"line":199,"column":3},"end":{"line":199,"column":56}},"48":{"start":{"line":214,"column":2},"end":{"line":214,"column":7351}},"49":{"start":{"line":215,"column":3},"end":{"line":215,"column":67}},"50":{"start":{"line":216,"column":3},"end":{"line":216,"column":57}},"51":{"start":{"line":230,"column":2},"end":{"line":230,"column":27}},"52":{"start":{"line":231,"column":2},"end":{"line":231,"column":25}},"53":{"start":{"line":232,"column":2},"end":{"line":232,"column":43}},"54":{"start":{"line":233,"column":2},"end":{"line":233,"column":8012}},"55":{"start":{"line":236,"column":2},"end":{"line":236,"column":18}},"56":{"start":{"line":244,"column":2},"end":{"line":244,"column":8307}},"57":{"start":{"line":245,"column":3},"end":{"line":245,"column":11}},"58":{"start":{"line":246,"column":9},"end":{"line":246,"column":8402}},"59":{"start":{"line":247,"column":3},"end":{"line":247,"column":12}},"60":{"start":{"line":249,"column":3},"end":{"line":249,"column":10}}},"branchMap":{"1":{"line":49,"type":"if","locations":[{"start":{"line":49,"column":2},"end":{"line":49,"column":2}},{"start":{"line":49,"column":2},"end":{"line":49,"column":2}}]},"2":{"line":71,"type":"if","locations":[{"start":{"line":71,"column":2},"end":{"line":71,"column":2}},{"start":{"line":71,"column":2},"end":{"line":71,"column":2}}]},"3":{"line":72,"type":"if","locations":[{"start":{"line":72,"column":2},"end":{"line":72,"column":2}},{"start":{"line":72,"column":2},"end":{"line":72,"column":2}}]},"4":{"line":73,"type":"if","locations":[{"start":{"line":73,"column":2},"end":{"line":73,"column":2}},{"start":{"line":73,"column":2},"end":{"line":73,"column":2}}]},"5":{"line":74,"type":"if","locations":[{"start":{"line":74,"column":2},"end":{"line":74,"column":2}},{"start":{"line":74,"column":2},"end":{"line":74,"column":2}}]},"6":{"line":78,"type":"if","locations":[{"start":{"line":78,"column":2},"end":{"line":78,"column":2}},{"start":{"line":78,"column":2},"end":{"line":78,"column":2}}]},"7":{"line":98,"type":"if","locations":[{"start":{"line":98,"column":2},"end":{"line":98,"column":2}},{"start":{"line":98,"column":2},"end":{"line":98,"column":2}}]},"8":{"line":99,"type":"if","locations":[{"start":{"line":99,"column":2},"end":{"line":99,"column":2}},{"start":{"line":99,"column":2},"end":{"line":99,"column":2}}]},"9":{"line":100,"type":"if","locations":[{"start":{"line":100,"column":2},"end":{"line":100,"column":2}},{"start":{"line":100,"column":2},"end":{"line":100,"column":2}}]},"10":{"line":101,"type":"if","locations":[{"start":{"line":101,"column":2},"end":{"line":101,"column":2}},{"start":{"line":101,"column":2},"end":{"line":101,"column":2}}]},"11":{"line":105,"type":"if","locations":[{"start":{"line":105,"column":2},"end":{"line":105,"column":2}},{"start":{"line":105,"column":2},"end":{"line":105,"column":2}}]},"12":{"line":143,"type":"if","locations":[{"start":{"line":143,"column":2},"end":{"line":143,"column":2}},{"start":{"line":143,"column":2},"end":{"line":143,"column":2}}]},"13":{"line":144,"type":"if","locations":[{"start":{"line":144,"column":2},"end":{"line":144,"column":2}},{"start":{"line":144,"column":2},"end":{"line":144,"column":2}}]},"14":{"line":145,"type":"if","locations":[{"start":{"line":145,"column":2},"end":{"line":145,"column":2}},{"start":{"line":145,"column":2},"end":{"line":145,"column":2}}]},"15":{"line":174,"type":"if","locations":[{"start":{"line":174,"column":2},"end":{"line":174,"column":2}},{"start":{"line":174,"column":2},"end":{"line":174,"column":2}}]},"16":{"line":175,"type":"if","locations":[{"start":{"line":175,"column":2},"end":{"line":175,"column":2}},{"start":{"line":175,"column":2},"end":{"line":175,"column":2}}]},"17":{"line":176,"type":"if","locations":[{"start":{"line":176,"column":2},"end":{"line":176,"column":2}},{"start":{"line":176,"column":2},"end":{"line":176,"column":2}}]},"18":{"line":177,"type":"if","locations":[{"start":{"line":177,"column":2},"end":{"line":177,"column":2}},{"start":{"line":177,"column":2},"end":{"line":177,"column":2}}]},"19":{"line":230,"type":"if","locations":[{"start":{"line":230,"column":2},"end":{"line":230,"column":2}},{"start":{"line":230,"column":2},"end":{"line":230,"column":2}}]},"20":{"line":231,"type":"if","locations":[{"start":{"line":231,"column":2},"end":{"line":231,"column":2}},{"start":{"line":231,"column":2},"end":{"line":231,"column":2}}]},"21":{"line":233,"type":"if","locations":[{"start":{"line":233,"column":2},"end":{"line":233,"column":2}},{"start":{"line":233,"column":2},"end":{"line":233,"column":2}}]},"22":{"line":244,"type":"if","locations":[{"start":{"line":244,"column":2},"end":{"line":244,"column":2}},{"start":{"line":244,"column":2},"end":{"line":244,"column":2}}]},"23":{"line":246,"type":"if","locations":[{"start":{"line":246,"column":9},"end":{"line":246,"column":9}},{"start":{"line":246,"column":9},"end":{"line":246,"column":9}}]}}}}