TN:
SF:/home/db/Public/lendingblock/truffle/token-generation/contracts/LendingBlockToken.sol
FN:27,afterTransferableTime
FN:40,LendingBlockToken
FN:54,transfer
FN:69,transferFrom
FN:83,setTransferableTime
FNF:5
FNH:5
FNDA:24,afterTransferableTime
FNDA:1,LendingBlockToken
FNDA:21,transfer
FNDA:1,transferFrom
FNDA:2,setTransferableTime
DA:28,24
DA:29,22
DA:31,22
DA:41,1
DA:42,1
DA:43,1
DA:44,1
DA:45,1
DA:59,21
DA:74,1
DA:87,2
DA:88,1
LF:12
LH:12
BRDA:28,1,0,22
BRDA:28,1,1,2
BRDA:29,2,0,20
BRDA:29,2,1,2
BRDA:87,3,0,1
BRDA:87,3,1,1
BRF:6
BRH:6
end_of_record
TN:
SF:/home/db/Public/lendingblock/truffle/token-generation/contracts/LendingBlockTokenEvent.sol
FN:48,eventNotEnded
FN:57,LendingBlockTokenEvent
FN:66,joinPre
FN:93,joinMain
FN:119,forwardFunds
FN:132,setPre
FN:163,setMain
FN:192,setWhitelistedAddressPre
FN:209,setWhitelistedAddressMain
FN:225,endEvent
FN:243,
FNF:11
FNH:11
FNDA:65,eventNotEnded
FNDA:1,LendingBlockTokenEvent
FNDA:14,joinPre
FNDA:17,joinMain
FNDA:13,forwardFunds
FNDA:7,setPre
FNDA:8,setMain
FNDA:5,setWhitelistedAddressPre
FNDA:5,setWhitelistedAddressMain
FNDA:4,endEvent
FNDA:17,
DA:49,65
DA:50,60
DA:58,1
DA:59,1
DA:71,14
DA:72,12
DA:73,11
DA:74,10
DA:76,9
DA:77,9
DA:78,9
DA:80,6
DA:81,6
DA:83,6
DA:84,5
DA:86,5
DA:98,17
DA:99,16
DA:100,14
DA:101,13
DA:103,12
DA:104,12
DA:105,12
DA:107,8
DA:108,8
DA:110,8
DA:111,8
DA:113,8
DA:120,13
DA:143,7
DA:144,6
DA:145,5
DA:146,4
DA:147,4
DA:148,4
DA:149,4
DA:150,4
DA:151,4
DA:174,8
DA:175,7
DA:176,6
DA:177,5
DA:178,4
DA:179,4
DA:180,4
DA:181,4
DA:182,4
DA:183,4
DA:197,5
DA:198,10
DA:199,10
DA:214,5
DA:215,13
DA:216,13
DA:230,4
DA:231,3
DA:232,2
DA:233,2
DA:234,1
DA:236,2
DA:244,17
DA:245,7
DA:247,8
DA:249,2
LF:64
LH:64
BRDA:49,1,0,60
BRDA:49,1,1,5
BRDA:71,2,0,12
BRDA:71,2,1,2
BRDA:72,3,0,11
BRDA:72,3,1,1
BRDA:73,4,0,10
BRDA:73,4,1,1
BRDA:74,5,0,9
BRDA:74,5,1,1
BRDA:78,6,0,6
BRDA:78,6,1,3
BRDA:98,7,0,16
BRDA:98,7,1,1
BRDA:99,8,0,14
BRDA:99,8,1,2
BRDA:100,9,0,13
BRDA:100,9,1,1
BRDA:101,10,0,12
BRDA:101,10,1,1
BRDA:105,11,0,8
BRDA:105,11,1,4
BRDA:143,12,0,6
BRDA:143,12,1,1
BRDA:144,13,0,5
BRDA:144,13,1,1
BRDA:145,14,0,4
BRDA:145,14,1,1
BRDA:174,15,0,7
BRDA:174,15,1,1
BRDA:175,16,0,6
BRDA:175,16,1,1
BRDA:176,17,0,5
BRDA:176,17,1,1
BRDA:177,18,0,4
BRDA:177,18,1,1
BRDA:230,19,0,3
BRDA:230,19,1,1
BRDA:231,20,0,2
BRDA:231,20,1,1
BRDA:233,21,0,1
BRDA:233,21,1,1
BRDA:244,22,0,7
BRDA:244,22,1,10
BRDA:246,23,0,8
BRDA:246,23,1,2
BRF:46
BRH:46
end_of_record
